app/build/outputs/logs/manifest-merger-debug-report.txt
-- Merging decision tree log ---
manifest
ADDED from src\main\AndroidManifest.xml:2:1-69:12
	package
		ADDED from src\main\AndroidManifest.xml:3:5-29
		INJECTED from src\main\AndroidManifest.xml
		INJECTED from src\main\AndroidManifest.xml
	android:versionName
		INJECTED from src\main\AndroidManifest.xml
		INJECTED from src\main\AndroidManifest.xml
	xmlns:android
		ADDED from src\main\AndroidManifest.xml:2:11-69
	android:versionCode
		INJECTED from src\main\AndroidManifest.xml
		INJECTED from src\main\AndroidManifest.xml
uses-permission#android.permission.INTERNET
ADDED from src\main\AndroidManifest.xml:5:5-67
	android:name
		ADDED from src\main\AndroidManifest.xml:5:22-64
uses-permission#android.permission.ACCESS_NETWORK_STATE
ADDED from src\main\AndroidManifest.xml:6:5-79
	android:name
		ADDED from src\main\AndroidManifest.xml:6:22-76
uses-feature#android.hardware.camera
ADDED from src\main\AndroidManifest.xml:8:5-10:35
	android:required
		ADDED from src\main\AndroidManifest.xml:10:9-32
	android:name
		ADDED from src\main\AndroidManifest.xml:9:9-47
uses-permission#android.permission.WRITE_EXTERNAL_STORAGE
ADDED from src\main\AndroidManifest.xml:12:5-81
	android:name
		ADDED from src\main\AndroidManifest.xml:12:22-78
uses-permission#android.permission.RECORD_AUDIO
ADDED from src\main\AndroidManifest.xml:13:5-71
	android:name
		ADDED from src\main\AndroidManifest.xml:13:22-68
application
ADDED from src\main\AndroidManifest.xml:15:5-67:19
MERGED from [com.android.support:appcompat-v7:23.1.0] AndroidManifest.xml:22:5-20
MERGED from [com.android.support:support-v4:23.1.0] AndroidManifest.xml:22:5-20
	android:label
		ADDED from src\main\AndroidManifest.xml:19:9-41
	android:allowBackup
		ADDED from src\main\AndroidManifest.xml:17:9-35
	android:icon
		ADDED from src\main\AndroidManifest.xml:18:9-46
	android:theme
		ADDED from src\main\AndroidManifest.xml:20:9-40
	android:name
		ADDED from src\main\AndroidManifest.xml:16:9-43
meta-data#com.parse.APPLICATION_ID
ADDED from src\main\AndroidManifest.xml:21:9-23:72
	android:value
		ADDED from src\main\AndroidManifest.xml:23:13-69
	android:name
		ADDED from src\main\AndroidManifest.xml:22:13-52
meta-data#com.parse.CLIENT_KEY
ADDED from src\main\AndroidManifest.xml:24:9-26:72
	android:value
		ADDED from src\main\AndroidManifest.xml:26:13-69
	android:name
		ADDED from src\main\AndroidManifest.xml:25:13-48
activity#com.app.chatme.SplashActivity
ADDED from src\main\AndroidManifest.xml:28:9-37:20
	android:label
		ADDED from src\main\AndroidManifest.xml:30:13-45
	android:theme
		ADDED from src\main\AndroidManifest.xml:31:13-77
	android:name
		ADDED from src\main\AndroidManifest.xml:29:13-43
intent-filter#android.intent.action.MAIN+android.intent.category.LAUNCHER
ADDED from src\main\AndroidManifest.xml:32:13-36:29
action#android.intent.action.MAIN
ADDED from src\main\AndroidManifest.xml:33:17-69
	android:name
		ADDED from src\main\AndroidManifest.xml:33:25-66
category#android.intent.category.LAUNCHER
ADDED from src\main\AndroidManifest.xml:35:17-77
	android:name
		ADDED from src\main\AndroidManifest.xml:35:27-74
activity#com.app.chatme.LoginSignUpActivity
ADDED from src\main\AndroidManifest.xml:38:9-42:20
	android:label
		ADDED from src\main\AndroidManifest.xml:40:13-45
	android:theme
		ADDED from src\main\AndroidManifest.xml:41:13-77
	android:name
		ADDED from src\main\AndroidManifest.xml:39:13-48
activity#com.app.chatme.DispatchActivity
ADDED from src\main\AndroidManifest.xml:43:9-44:20
	android:name
		ADDED from src\main\AndroidManifest.xml:43:19-51
activity#com.app.chatme.LoginActivity
ADDED from src\main\AndroidManifest.xml:45:9-49:20
	android:label
		ADDED from src\main\AndroidManifest.xml:47:13-45
	android:theme
		ADDED from src\main\AndroidManifest.xml:48:13-77
	android:name
		ADDED from src\main\AndroidManifest.xml:46:13-42
activity#com.app.chatme.SignUpActivity
ADDED from src\main\AndroidManifest.xml:50:9-54:20
	android:label
		ADDED from src\main\AndroidManifest.xml:52:13-35
	android:theme
		ADDED from src\main\AndroidManifest.xml:53:13-77
	android:name
		ADDED from src\main\AndroidManifest.xml:51:13-43
activity#com.app.chatme.ChatActivity
ADDED from src\main\AndroidManifest.xml:55:9-58:20
	android:label
		ADDED from src\main\AndroidManifest.xml:57:13-35
	android:name
		ADDED from src\main\AndroidManifest.xml:56:13-41
activity#com.app.chatme.ChatListActivity
ADDED from src\main\AndroidManifest.xml:59:9-62:20
	android:label
		ADDED from src\main\AndroidManifest.xml:61:13-61
	android:name
		ADDED from src\main\AndroidManifest.xml:60:13-45
activity#com.app.chatme.ImageUploadActivity
ADDED from src\main\AndroidManifest.xml:63:9-66:20
	android:label
		ADDED from src\main\AndroidManifest.xml:65:13-64
	android:name
		ADDED from src\main\AndroidManifest.xml:64:13-48
uses-sdk
INJECTED from src\main\AndroidManifest.xml reason: use-sdk injection requested
MERGED from [com.android.support:appcompat-v7:23.1.0] AndroidManifest.xml:20:5-43
MERGED from [com.android.support:support-v4:23.1.0] AndroidManifest.xml:20:5-43
	android:targetSdkVersion
		INJECTED from src\main\AndroidManifest.xml
		INJECTED from src\main\AndroidManifest.xml
	android:minSdkVersion
		INJECTED from src\main\AndroidManifest.xml
		INJECTED from src\main\AndroidManifest.xml